[2024-09-25T06:27:43.794630+00:00] project_ts_chapter_sync.INFO: ProjectTSChapterSync mutation invoked. {"args":{"projectId":"1","chapterIds":["1","2"]}} []
[2024-09-25T06:27:43.796599+00:00] project_ts_chapter_sync.INFO: Starting to fetch TechnicalSpecificationChapters. {"chapterIds":["1","2"]} []
[2024-09-25T06:27:43.850200+00:00] project_ts_chapter_sync.INFO: Fetched TechnicalSpecificationChapters. {"count":2} []
[2024-09-25T06:27:43.850373+00:00] project_ts_chapter_sync.INFO: Processing TechnicalSpecificationChapter. {"chapterId":1} []
[2024-09-25T06:27:43.850461+00:00] project_ts_chapter_sync.DEBUG: Creating ProjectTSChapter. {"data":{"project_id":"1","ts_chapter_id":1}} []
[2024-09-25T06:27:43.864796+00:00] project_ts_chapter_sync.INFO: Created ProjectTSChapter. {"projectTSChapterId":25} []
[2024-09-25T06:27:43.864930+00:00] project_ts_chapter_sync.DEBUG: Decoded variables_in_content. {"variables":[{"key":"0_______","name":"0_______","type":"reference","reference_key":"1"}]} []
[2024-09-25T06:27:43.865010+00:00] project_ts_chapter_sync.DEBUG: Processing individual variable. {"variable":{"key":"0_______","name":"0_______","type":"reference","reference_key":"1"}} []
[2024-09-25T06:27:43.865076+00:00] project_ts_chapter_sync.INFO: Variable type is reference. {"reference_key":"1"} []
[2024-09-25T06:27:43.867961+00:00] project_ts_chapter_sync.INFO: Found ReferenceModel in processVariablesInContent. {"referenceId":1} []
[2024-09-25T06:27:43.868321+00:00] project_ts_chapter_sync.DEBUG: Reference content type. {"type":"array"} []
[2024-09-25T06:27:43.868391+00:00] project_ts_chapter_sync.DEBUG: Content is already an array. [] []
[2024-09-25T06:28:54.777013+00:00] project_ts_chapter_sync.INFO: ProjectTSChapterSync mutation invoked. {"args":{"projectId":"1","chapterIds":["1","2"]}} []
[2024-09-25T06:28:54.781032+00:00] project_ts_chapter_sync.INFO: Starting to fetch TechnicalSpecificationChapters. {"chapterIds":["1","2"]} []
[2024-09-25T06:28:54.845885+00:00] project_ts_chapter_sync.INFO: Fetched TechnicalSpecificationChapters. {"count":2} []
[2024-09-25T06:28:54.846077+00:00] project_ts_chapter_sync.INFO: Processing TechnicalSpecificationChapter. {"chapterId":1} []
[2024-09-25T06:28:54.846167+00:00] project_ts_chapter_sync.DEBUG: Creating ProjectTSChapter. {"data":{"project_id":"1","ts_chapter_id":1}} []
[2024-09-25T06:28:54.860411+00:00] project_ts_chapter_sync.INFO: Created ProjectTSChapter. {"projectTSChapterId":26} []
[2024-09-25T06:28:54.860560+00:00] project_ts_chapter_sync.DEBUG: Decoded variables_in_content. {"variables":[{"key":"0_______","name":"0_______","type":"reference","reference_key":"1"}]} []
[2024-09-25T06:28:54.860633+00:00] project_ts_chapter_sync.DEBUG: Processing individual variable. {"variable":{"key":"0_______","name":"0_______","type":"reference","reference_key":"1"}} []
[2024-09-25T06:28:54.860692+00:00] project_ts_chapter_sync.INFO: Variable type is reference. {"reference_key":"1"} []
[2024-09-25T06:28:54.863154+00:00] project_ts_chapter_sync.INFO: Found ReferenceModel in processVariablesInContent. {"referenceId":1} []
[2024-09-25T06:28:54.863753+00:00] project_ts_chapter_sync.DEBUG: Reference content type. {"type":"array"} []
[2024-09-25T06:28:54.863823+00:00] project_ts_chapter_sync.DEBUG: Content is already an array. [] []
